<?xml version="1.0" encoding="UTF-8"?>
<testsuite name="com.soj.designpattern.facade.NokiaTest" tests="2" skipped="0" failures="0" errors="0" timestamp="2022-02-04T18:31:57" hostname="DESKTOP-H3C67DB" time="0.002">
  <properties/>
  <testcase name="price()" classname="com.soj.designpattern.facade.NokiaTest" time="0.001"/>
  <testcase name="modelNo()" classname="com.soj.designpattern.facade.NokiaTest" time="0.001"/>
  <system-out><![CDATA[]]></system-out>
  <system-err><![CDATA[]]></system-err>
</testsuite>
